<?xml version="1.0" encoding="UTF-8"?>
<!-- Generated by org.testng.reporters.JUnitReportReporter -->
<testsuite hostname="DESKTOP-3IMF4AD" failures="0" tests="1" name="TestCases.Parallel2" time="37.632" errors="0" timestamp="2022-07-01T19:57:29 IST" skipped="0">
  <testcase classname="TestCases.Parallel2" name="openGoogle" time="37.632"/>
  <system-out/>
</testsuite> <!-- TestCases.Parallel2 -->
